<?xml version="1.0" encoding="UTF-8"?>
<testng-results skipped="0" failed="0" total="1" passed="1">
  <reporter-output>
  </reporter-output>
  <suite name="Suite" duration-ms="16259" started-at="2016-10-05T09:45:36Z" finished-at="2016-10-05T09:45:52Z">
    <groups>
    </groups>
    <test name="Test" duration-ms="16259" started-at="2016-10-05T09:45:36Z" finished-at="2016-10-05T09:45:52Z">
      <class name="microservice.demo.SeleniumIT">
        <test-method status="PASS" signature="beforeTest()[pri:0, instance:microservice.demo.SeleniumIT@3fdfbc7f]" name="beforeTest" is-config="true" duration-ms="3285" started-at="2016-10-05T15:15:36Z" finished-at="2016-10-05T15:15:39Z">
          <reporter-output>
          </reporter-output>
        </test-method> <!-- beforeTest -->
        <test-method status="PASS" signature="testEasy()[pri:0, instance:microservice.demo.SeleniumIT@3fdfbc7f]" name="testEasy" duration-ms="11898" started-at="2016-10-05T15:15:39Z" finished-at="2016-10-05T15:15:51Z">
          <reporter-output>
          </reporter-output>
        </test-method> <!-- testEasy -->
        <test-method status="PASS" signature="afterTest()[pri:0, instance:microservice.demo.SeleniumIT@3fdfbc7f]" name="afterTest" is-config="true" duration-ms="1058" started-at="2016-10-05T15:15:51Z" finished-at="2016-10-05T15:15:52Z">
          <reporter-output>
          </reporter-output>
        </test-method> <!-- afterTest -->
      </class> <!-- microservice.demo.SeleniumIT -->
    </test> <!-- Test -->
  </suite> <!-- Suite -->
</testng-results>
